                                                                                
                                                                                
                                                                                
                                                                                
                                                                                
                                                                                
                                                                                
                                                                                
                                                                                
                                                                                
                                                                                
                                                                                
                                                                                
                                                                                
                                                                                
                                                                                
                                                                                
                                     ..                                         
                                     ...                                        
                                  . ...........                                 
                                    ... . '..                                   
                                   .'-Q^..'.'`'..                               
                                  ..^b**..`Jai.                                 
                              ..  . 1oaa!.lao#^ .                               
                              ... ..Oaaaz'*oaa^...                              
                              .  ...aoooq'aaaaf..                               
                              . '...o*oop`aaooJ..                               
                              ..`.'`w*ohC'aaoa_..                               
                                `1:.f#oo]`oaaa^..                               
                             ...Y**^`boo'`*aao'......           ... .           
                              ..baam.cal`'jhk!^!" ..            ..'.            
                              .(oooa`'''.''^``ko#;...           .... .          
                             ..Qoooa` .^ '...^aoaC...           .^''.  .        
              ...            ..aoooa`..'`'.'.{ooaa^..        ...'.''..          
         .'^^``^^^ . .    ..   0ohao`.'Lob,.`zoooo'.'''^`````'^^^,m}^^'.        
        ..,mwwwwwZj''..   ....';kooo'.0aaoa'.Uooao. rZmOZmZZZ{mZmmqwwqm^        
        . ,ZZZmmmOZ[...   ..'.'"ho*c 'aaooa~'X#ooa'.vZZZZZOZ0;ZZqmZmZO0'        
        ..,mmmZZwZqp".    ...`'`lhZ. Joaaaaa'(*oao'`Il!_m0l!I^0m|/-[]j).        
        ..:mmZ){zmmZ:..    ')x- ...'"hhoooaar`koam^`'^^~ZX^^^'ZwJp;^"mn'        
        ..:mmZ`.^Zmm"'..  .'cZ(....^ma)(aoooh"(pm"^.\mmqpwwwm^Zmmmmwmmm'        
        ..:ZmZ`'^wm0``. ....cmt...'jao^`oaao*C..''..\wmZLmZZm^mmmZmmmmq`        
        . :mmm??uZZ0'...''..;>I..'!a#a`.aa*ooo>....'|q;I:,ICm`OqxZ"^"0('        
        . ,mmqqOmmQ"'.l}|],.vZ\  ^o0^;`.a,;hI"b"....\Z' .. Jw`OwxZrjjO+.        
        ..,mmwOZOmm(`;mmZ0m^vm/.'0a`.'''a''a`'hh.  '|0^....LO^ZmxmZZZL`.        
        ..,mmwZZZwZZ:xZwYqm:vm/.'p* ^k..a'.h''##I. '|m|)()|0m^Zm>?--?l.'        
        . ,mmm^^^0wmX]x!'Qq~vZ/.'ao'"#.'h''a`'aao. '|qZZmZw0m`mZJLLQQQQ.        
        ..:ZmZ^'.YwZw'l)Qmm_cm/.`oo.`d`'o'.h'.ao#. '|m/\||\Lm`ZOOOZZmwZ^        
        ..,mmw,'"0wmq]ZqO0m-cm/.'aa^`_^'a"`;''oa#...|m.....JZ^ZZ\vxtqZ:.        
       . .,mmmXYUwqmQZwr"0w+vm/..oa>.',`*;'':.aa*..'\m'....Cm^ZZ^ZmZ0]..        
        ..ImZmmmZZmZlmOi^wm_um/.`ahoXQ0Qoorb0Qo*v .'\Z,`^`^Qm^mm'>mZC` .        
       ..';mmmmwwwmY.wZmZZm{vZ|'.)kaa**aaooahooa^ ..|ZmmmmmZJ`mQ,wmZwX'.        
        .."UUUJUUn_^`>OmX!0urL).'.L*a#aJfzdaaao}^...\mZmmZOm".x:0O}"XQz'        
        ...^"^^^^'..'.:!^',^`"`.  '__>".. `)XC]'   .,l!!l!>I' '`I:..'^`'        
              .  . ...... . . .   .   .      '.   ........... ....  .           
          .   ...   . . . .. '.            .....   ..   ...   .  .  ..          
                                                                                
                                                                                
                                             ..  .                              
                                                 .                              
                                                                                
                                                                                
                                                                                
                                                                                
                                                                                
                                                                                
                                                                                
                                                                                
                                                                                
                                                                                
                                                                                
                                                                                
                                                                                
                                                                                
                                                                                
                                                                                
                                                                                
                                                                                
                                                                                
                                                                                
                                                                                
